<?xml version="1.0" encoding="UTF-8"?>
<!-- Generated by org.testng.reporters.JUnitReportReporter -->
<testsuite hostname="BLRKEC315319D" failures="0" tests="1" name="com.gp.PMaven.base.Gaurav" time="0.050" errors="0" timestamp="24 Sep 2019 10:21:02 GMT">
  <testcase classname="com.gp.PMaven.base.Gaurav" name="display" time="0.050"/>
</testsuite> <!-- com.gp.PMaven.base.Gaurav -->
