<?xml version="1.0" encoding="UTF-8"?>
<!-- Generated by org.testng.reporters.JUnitReportReporter -->
<testsuite hostname="BLRKEC315319D" failures="0" tests="2" name="com.gp.PMaven.tests.Test1" time="36.506" errors="0" timestamp="24 Sep 2019 10:37:35 GMT">
  <testcase classname="com.gp.PMaven.tests.Test1" name="display" time="0.007"/>
  <testcase classname="com.gp.PMaven.tests.Test1" name="TestCase1" time="36.499"/>
</testsuite> <!-- com.gp.PMaven.tests.Test1 -->
